# JRE version: Java(TM) SE Runtime Environment (8.0_111-b14) (build 1.8.0_111-b14)
# Java VM: Java HotSpot(TM) 64-Bit Server VM (25.111-b14 mixed mode linux-amd64 compressed oops)
Heap:
 PSYoungGen      total 225792K, used 107283K [0x000000076cf00000, 0x0000000783100000, 0x00000007c0000000)
  eden space 202752K, 47% used [0x000000076cf00000,0x0000000772d057b8,0x0000000779500000)
  from space 23040K, 47% used [0x0000000779500000,0x0000000779fbf678,0x000000077ab80000)
  to   space 22016K, 0% used [0x0000000781b80000,0x0000000781b80000,0x0000000783100000)
 ParOldGen       total 190464K, used 31327K [0x00000006c6c00000, 0x00000006d2600000, 0x000000076cf00000)
  object space 190464K, 16% used [0x00000006c6c00000,0x00000006c8a97e40,0x00000006d2600000)
 Metaspace       used 34989K, capacity 37141K, committed 37248K, reserved 1081344K
  class space    used 4558K, capacity 4950K, committed 4992K, reserved 1048576K
GC Heap History (10 events):
Event: 1.509 GC heap before
{Heap before GC invocations=5 (full 1):
 PSYoungGen      total 131584K, used 123585K [0x000000076cf00000, 0x0000000776480000, 0x00000007c0000000)
  eden space 121344K, 99% used [0x000000076cf00000,0x0000000774564350,0x0000000774580000)
  from space 10240K, 22% used [0x0000000774580000,0x00000007747cc260,0x0000000774f80000)
  to   space 10240K, 0% used [0x0000000775a80000,0x0000000775a80000,0x0000000776480000)
 ParOldGen       total 122880K, used 10065K [0x00000006c6c00000, 0x00000006ce400000, 0x000000076cf00000)
  object space 122880K, 8% used [0x00000006c6c00000,0x00000006c75d4670,0x00000006ce400000)
 Metaspace       used 25029K, capacity 26478K, committed 26624K, reserved 1073152K
  class space    used 3521K, capacity 3796K, committed 3840K, reserved 1048576K
Event: 1.514 GC heap after
Heap after GC invocations=5 (full 1):
 PSYoungGen      total 142848K, used 2500K [0x000000076cf00000, 0x000000077a500000, 0x00000007c0000000)
  eden space 132608K, 0% used [0x000000076cf00000,0x000000076cf00000,0x0000000775080000)
  from space 10240K, 24% used [0x0000000775a80000,0x0000000775cf1238,0x0000000776480000)
  to   space 10240K, 0% used [0x0000000775080000,0x0000000775080000,0x0000000775a80000)
 ParOldGen       total 122880K, used 10065K [0x00000006c6c00000, 0x00000006ce400000, 0x000000076cf00000)
  object space 122880K, 8% used [0x00000006c6c00000,0x00000006c75d4670,0x00000006ce400000)
 Metaspace       used 25029K, capacity 26478K, committed 26624K, reserved 1073152K
  class space    used 3521K, capacity 3796K, committed 3840K, reserved 1048576K
}
Event: 7.979 GC heap before
{Heap before GC invocations=6 (full 1):
 PSYoungGen      total 142848K, used 135108K [0x000000076cf00000, 0x000000077a500000, 0x00000007c0000000)
  eden space 132608K, 100% used [0x000000076cf00000,0x0000000775080000,0x0000000775080000)
  from space 10240K, 24% used [0x0000000775a80000,0x0000000775cf1238,0x0000000776480000)
  to   space 10240K, 0% used [0x0000000775080000,0x0000000775080000,0x0000000775a80000)
 ParOldGen       total 122880K, used 10065K [0x00000006c6c00000, 0x00000006ce400000, 0x000000076cf00000)
  object space 122880K, 8% used [0x00000006c6c00000,0x00000006c75d4670,0x00000006ce400000)
 Metaspace       used 32708K, capacity 34742K, committed 35072K, reserved 1079296K
  class space    used 4413K, capacity 4780K, committed 4864K, reserved 1048576K
Event: 7.997 GC heap after
Heap after GC invocations=6 (full 1):
 PSYoungGen      total 142848K, used 10231K [0x000000076cf00000, 0x000000077bf00000, 0x00000007c0000000)
  eden space 132608K, 0% used [0x000000076cf00000,0x000000076cf00000,0x0000000775080000)
  from space 10240K, 99% used [0x0000000775080000,0x0000000775a7dd70,0x0000000775a80000)
  to   space 18432K, 0% used [0x000000077ad00000,0x000000077ad00000,0x000000077bf00000)
 ParOldGen       total 122880K, used 16990K [0x00000006c6c00000, 0x00000006ce400000, 0x000000076cf00000)
  object space 122880K, 13% used [0x00000006c6c00000,0x00000006c7c979c8,0x00000006ce400000)
 Metaspace       used 32708K, capacity 34742K, committed 35072K, reserved 1079296K
  class space    used 4413K, capacity 4780K, committed 4864K, reserved 1048576K
}
Event: 9.557 GC heap before
{Heap before GC invocations=7 (full 1):
 PSYoungGen      total 142848K, used 122582K [0x000000076cf00000, 0x000000077bf00000, 0x00000007c0000000)
  eden space 132608K, 84% used [0x000000076cf00000,0x0000000773cb7c88,0x0000000775080000)
  from space 10240K, 99% used [0x0000000775080000,0x0000000775a7dd70,0x0000000775a80000)
  to   space 18432K, 0% used [0x000000077ad00000,0x000000077ad00000,0x000000077bf00000)
 ParOldGen       total 122880K, used 16990K [0x00000006c6c00000, 0x00000006ce400000, 0x000000076cf00000)
  object space 122880K, 13% used [0x00000006c6c00000,0x00000006c7c979c8,0x00000006ce400000)
 Metaspace       used 33415K, capacity 35435K, committed 35496K, reserved 1079296K
  class space    used 4446K, capacity 4803K, committed 4864K, reserved 1048576K
Event: 9.582 GC heap after
Heap after GC invocations=7 (full 1):
 PSYoungGen      total 221184K, used 18422K [0x000000076cf00000, 0x000000077c200000, 0x00000007c0000000)
  eden space 202752K, 0% used [0x000000076cf00000,0x000000076cf00000,0x0000000779500000)
  from space 18432K, 99% used [0x000000077ad00000,0x000000077befda20,0x000000077bf00000)
  to   space 23040K, 0% used [0x0000000779500000,0x0000000779500000,0x000000077ab80000)
 ParOldGen       total 122880K, used 16998K [0x00000006c6c00000, 0x00000006ce400000, 0x000000076cf00000)
  object space 122880K, 13% used [0x00000006c6c00000,0x00000006c7c999c8,0x00000006ce400000)
 Metaspace       used 33415K, capacity 35435K, committed 35496K, reserved 1079296K
  class space    used 4446K, capacity 4803K, committed 4864K, reserved 1048576K
}
Event: 9.582 GC heap before
{Heap before GC invocations=8 (full 2):
 PSYoungGen      total 221184K, used 18422K [0x000000076cf00000, 0x000000077c200000, 0x00000007c0000000)
  eden space 202752K, 0% used [0x000000076cf00000,0x000000076cf00000,0x0000000779500000)
  from space 18432K, 99% used [0x000000077ad00000,0x000000077befda20,0x000000077bf00000)
  to   space 23040K, 0% used [0x0000000779500000,0x0000000779500000,0x000000077ab80000)
 ParOldGen       total 122880K, used 16998K [0x00000006c6c00000, 0x00000006ce400000, 0x000000076cf00000)
  object space 122880K, 13% used [0x00000006c6c00000,0x00000006c7c999c8,0x00000006ce400000)
 Metaspace       used 33415K, capacity 35435K, committed 35496K, reserved 1079296K
  class space    used 4446K, capacity 4803K, committed 4864K, reserved 1048576K
Event: 9.663 GC heap after
Heap after GC invocations=8 (full 2):
 PSYoungGen      total 221184K, used 0K [0x000000076cf00000, 0x000000077c200000, 0x00000007c0000000)
  eden space 202752K, 0% used [0x000000076cf00000,0x000000076cf00000,0x0000000779500000)
  from space 18432K, 0% used [0x000000077ad00000,0x000000077ad00000,0x000000077bf00000)
  to   space 23040K, 0% used [0x0000000779500000,0x0000000779500000,0x000000077ab80000)
 ParOldGen       total 190464K, used 31319K [0x00000006c6c00000, 0x00000006d2600000, 0x000000076cf00000)
  object space 190464K, 16% used [0x00000006c6c00000,0x00000006c8a95e40,0x00000006d2600000)
 Metaspace       used 33411K, capacity 35429K, committed 35496K, reserved 1079296K
  class space    used 4446K, capacity 4802K, committed 4864K, reserved 1048576K
}
Event: 30.207 GC heap before
{Heap before GC invocations=9 (full 2):
 PSYoungGen      total 221184K, used 202752K [0x000000076cf00000, 0x000000077c200000, 0x00000007c0000000)
  eden space 202752K, 100% used [0x000000076cf00000,0x0000000779500000,0x0000000779500000)
  from space 18432K, 0% used [0x000000077ad00000,0x000000077ad00000,0x000000077bf00000)
  to   space 23040K, 0% used [0x0000000779500000,0x0000000779500000,0x000000077ab80000)
 ParOldGen       total 190464K, used 31319K [0x00000006c6c00000, 0x00000006d2600000, 0x000000076cf00000)
  object space 190464K, 16% used [0x00000006c6c00000,0x00000006c8a95e40,0x00000006d2600000)
 Metaspace       used 34687K, capacity 36725K, committed 36992K, reserved 1081344K
  class space    used 4546K, capacity 4946K, committed 4992K, reserved 1048576K
Event: 30.225 GC heap after
Heap after GC invocations=9 (full 2):
 PSYoungGen      total 225792K, used 11005K [0x000000076cf00000, 0x0000000783100000, 0x00000007c0000000)
  eden space 202752K, 0% used [0x000000076cf00000,0x000000076cf00000,0x0000000779500000)
  from space 23040K, 47% used [0x0000000779500000,0x0000000779fbf678,0x000000077ab80000)
  to   space 22016K, 0% used [0x0000000781b80000,0x0000000781b80000,0x0000000783100000)
 ParOldGen       total 190464K, used 31327K [0x00000006c6c00000, 0x00000006d2600000, 0x000000076cf00000)
  object space 190464K, 16% used [0x00000006c6c00000,0x00000006c8a97e40,0x00000006d2600000)
 Metaspace       used 34687K, capacity 36725K, committed 36992K, reserved 1081344K
  class space    used 4546K, capacity 4946K, committed 4992K, reserved 1048576K
}

