# JRE version: Java(TM) SE Runtime Environment (8.0_111-b14) (build 1.8.0_111-b14)
# Java VM: Java HotSpot(TM) 64-Bit Server VM (25.111-b14 mixed mode linux-amd64 compressed oops)
Heap:
 PSYoungGen      total 188416K, used 139573K [0x000000076cf00000, 0x000000077f980000, 0x00000007c0000000)
  eden space 172032K, 81% used [0x000000076cf00000,0x000000077574d670,0x0000000777700000)
  from space 16384K, 0% used [0x0000000777700000,0x0000000777700000,0x0000000778700000)
  to   space 19456K, 0% used [0x000000077e680000,0x000000077e680000,0x000000077f980000)
 ParOldGen       total 179712K, used 27666K [0x00000006c6c00000, 0x00000006d1b80000, 0x000000076cf00000)
  object space 179712K, 15% used [0x00000006c6c00000,0x00000006c87048a8,0x00000006d1b80000)
 Metaspace       used 33819K, capacity 35898K, committed 36096K, reserved 1081344K
  class space    used 4448K, capacity 4800K, committed 4864K, reserved 1048576K
GC Heap History (10 events):
Event: 1.478 GC heap before
{Heap before GC invocations=5 (full 1):
 PSYoungGen      total 74752K, used 66618K [0x000000076cf00000, 0x0000000774b00000, 0x00000007c0000000)
  eden space 64512K, 99% used [0x000000076cf00000,0x0000000770dd9900,0x0000000770e00000)
  from space 10240K, 22% used [0x0000000770e00000,0x00000007710352f8,0x0000000771800000)
  to   space 10240K, 0% used [0x0000000774100000,0x0000000774100000,0x0000000774b00000)
 ParOldGen       total 122880K, used 10071K [0x00000006c6c00000, 0x00000006ce400000, 0x000000076cf00000)
  object space 122880K, 8% used [0x00000006c6c00000,0x00000006c75d5d68,0x00000006ce400000)
 Metaspace       used 25056K, capacity 26552K, committed 26624K, reserved 1073152K
  class space    used 3520K, capacity 3797K, committed 3840K, reserved 1048576K
Event: 1.482 GC heap after
Heap after GC invocations=5 (full 1):
 PSYoungGen      total 116736K, used 2373K [0x000000076cf00000, 0x0000000774f80000, 0x00000007c0000000)
  eden space 106496K, 0% used [0x000000076cf00000,0x000000076cf00000,0x0000000773700000)
  from space 10240K, 23% used [0x0000000774100000,0x0000000774351440,0x0000000774b00000)
  to   space 10240K, 0% used [0x0000000773700000,0x0000000773700000,0x0000000774100000)
 ParOldGen       total 122880K, used 10071K [0x00000006c6c00000, 0x00000006ce400000, 0x000000076cf00000)
  object space 122880K, 8% used [0x00000006c6c00000,0x00000006c75d5d68,0x00000006ce400000)
 Metaspace       used 25056K, capacity 26552K, committed 26624K, reserved 1073152K
  class space    used 3520K, capacity 3797K, committed 3840K, reserved 1048576K
}
Event: 1.816 GC heap before
{Heap before GC invocations=6 (full 1):
 PSYoungGen      total 116736K, used 108869K [0x000000076cf00000, 0x0000000774f80000, 0x00000007c0000000)
  eden space 106496K, 100% used [0x000000076cf00000,0x0000000773700000,0x0000000773700000)
  from space 10240K, 23% used [0x0000000774100000,0x0000000774351440,0x0000000774b00000)
  to   space 10240K, 0% used [0x0000000773700000,0x0000000773700000,0x0000000774100000)
 ParOldGen       total 122880K, used 10071K [0x00000006c6c00000, 0x00000006ce400000, 0x000000076cf00000)
  object space 122880K, 8% used [0x00000006c6c00000,0x00000006c75d5d68,0x00000006ce400000)
 Metaspace       used 26855K, capacity 28620K, committed 28800K, reserved 1073152K
  class space    used 3819K, capacity 4135K, committed 4224K, reserved 1048576K
Event: 1.822 GC heap after
Heap after GC invocations=6 (full 1):
 PSYoungGen      total 116736K, used 4712K [0x000000076cf00000, 0x0000000779080000, 0x00000007c0000000)
  eden space 106496K, 0% used [0x000000076cf00000,0x000000076cf00000,0x0000000773700000)
  from space 10240K, 46% used [0x0000000773700000,0x0000000773b9a1f8,0x0000000774100000)
  to   space 9728K, 0% used [0x0000000778700000,0x0000000778700000,0x0000000779080000)
 ParOldGen       total 122880K, used 10079K [0x00000006c6c00000, 0x00000006ce400000, 0x000000076cf00000)
  object space 122880K, 8% used [0x00000006c6c00000,0x00000006c75d7d68,0x00000006ce400000)
 Metaspace       used 26855K, capacity 28620K, committed 28800K, reserved 1073152K
  class space    used 3819K, capacity 4135K, committed 4224K, reserved 1048576K
}
Event: 3.781 GC heap before
{Heap before GC invocations=7 (full 1):
 PSYoungGen      total 116736K, used 111208K [0x000000076cf00000, 0x0000000779080000, 0x00000007c0000000)
  eden space 106496K, 100% used [0x000000076cf00000,0x0000000773700000,0x0000000773700000)
  from space 10240K, 46% used [0x0000000773700000,0x0000000773b9a1f8,0x0000000774100000)
  to   space 9728K, 0% used [0x0000000778700000,0x0000000778700000,0x0000000779080000)
 ParOldGen       total 122880K, used 10079K [0x00000006c6c00000, 0x00000006ce400000, 0x000000076cf00000)
  object space 122880K, 8% used [0x00000006c6c00000,0x00000006c75d7d68,0x00000006ce400000)
 Metaspace       used 32472K, capacity 34508K, committed 34816K, reserved 1079296K
  class space    used 4418K, capacity 4785K, committed 4864K, reserved 1048576K
Event: 3.797 GC heap after
Heap after GC invocations=7 (full 1):
 PSYoungGen      total 181760K, used 9696K [0x000000076cf00000, 0x0000000779780000, 0x00000007c0000000)
  eden space 172032K, 0% used [0x000000076cf00000,0x000000076cf00000,0x0000000777700000)
  from space 9728K, 99% used [0x0000000778700000,0x00000007790781f8,0x0000000779080000)
  to   space 16384K, 0% used [0x0000000777700000,0x0000000777700000,0x0000000778700000)
 ParOldGen       total 122880K, used 18004K [0x00000006c6c00000, 0x00000006ce400000, 0x000000076cf00000)
  object space 122880K, 14% used [0x00000006c6c00000,0x00000006c7d95018,0x00000006ce400000)
 Metaspace       used 32472K, capacity 34508K, committed 34816K, reserved 1079296K
  class space    used 4418K, capacity 4785K, committed 4864K, reserved 1048576K
}
Event: 26.974 GC heap before
{Heap before GC invocations=8 (full 1):
 PSYoungGen      total 181760K, used 125693K [0x000000076cf00000, 0x0000000779780000, 0x00000007c0000000)
  eden space 172032K, 67% used [0x000000076cf00000,0x0000000774047250,0x0000000777700000)
  from space 9728K, 99% used [0x0000000778700000,0x00000007790781f8,0x0000000779080000)
  to   space 16384K, 0% used [0x0000000777700000,0x0000000777700000,0x0000000778700000)
 ParOldGen       total 122880K, used 18004K [0x00000006c6c00000, 0x00000006ce400000, 0x000000076cf00000)
  object space 122880K, 14% used [0x00000006c6c00000,0x00000006c7d95018,0x00000006ce400000)
 Metaspace       used 33321K, capacity 35382K, committed 35496K, reserved 1079296K
  class space    used 4444K, capacity 4800K, committed 4864K, reserved 1048576K
Event: 26.987 GC heap after
Heap after GC invocations=8 (full 1):
 PSYoungGen      total 188416K, used 14753K [0x000000076cf00000, 0x000000077f980000, 0x00000007c0000000)
  eden space 172032K, 0% used [0x000000076cf00000,0x000000076cf00000,0x0000000777700000)
  from space 16384K, 90% used [0x0000000777700000,0x0000000778568580,0x0000000778700000)
  to   space 19456K, 0% used [0x000000077e680000,0x000000077e680000,0x000000077f980000)
 ParOldGen       total 122880K, used 18804K [0x00000006c6c00000, 0x00000006ce400000, 0x000000076cf00000)
  object space 122880K, 15% used [0x00000006c6c00000,0x00000006c7e5d018,0x00000006ce400000)
 Metaspace       used 33321K, capacity 35382K, committed 35496K, reserved 1079296K
  class space    used 4444K, capacity 4800K, committed 4864K, reserved 1048576K
}
Event: 26.987 GC heap before
{Heap before GC invocations=9 (full 2):
 PSYoungGen      total 188416K, used 14753K [0x000000076cf00000, 0x000000077f980000, 0x00000007c0000000)
  eden space 172032K, 0% used [0x000000076cf00000,0x000000076cf00000,0x0000000777700000)
  from space 16384K, 90% used [0x0000000777700000,0x0000000778568580,0x0000000778700000)
  to   space 19456K, 0% used [0x000000077e680000,0x000000077e680000,0x000000077f980000)
 ParOldGen       total 122880K, used 18804K [0x00000006c6c00000, 0x00000006ce400000, 0x000000076cf00000)
  object space 122880K, 15% used [0x00000006c6c00000,0x00000006c7e5d018,0x00000006ce400000)
 Metaspace       used 33321K, capacity 35382K, committed 35496K, reserved 1079296K
  class space    used 4444K, capacity 4800K, committed 4864K, reserved 1048576K
Event: 27.050 GC heap after
Heap after GC invocations=9 (full 2):
 PSYoungGen      total 188416K, used 0K [0x000000076cf00000, 0x000000077f980000, 0x00000007c0000000)
  eden space 172032K, 0% used [0x000000076cf00000,0x000000076cf00000,0x0000000777700000)
  from space 16384K, 0% used [0x0000000777700000,0x0000000777700000,0x0000000778700000)
  to   space 19456K, 0% used [0x000000077e680000,0x000000077e680000,0x000000077f980000)
 ParOldGen       total 179712K, used 27666K [0x00000006c6c00000, 0x00000006d1b80000, 0x000000076cf00000)
  object space 179712K, 15% used [0x00000006c6c00000,0x00000006c87048a8,0x00000006d1b80000)
 Metaspace       used 33314K, capacity 35370K, committed 35496K, reserved 1079296K
  class space    used 4443K, capacity 4798K, committed 4864K, reserved 1048576K
}

