# JRE version: Java(TM) SE Runtime Environment (8.0_111-b14) (build 1.8.0_111-b14)
# Java VM: Java HotSpot(TM) 64-Bit Server VM (25.111-b14 mixed mode linux-amd64 compressed oops)
Heap:
 PSYoungGen      total 271872K, used 173255K [0x000000076cf00000, 0x000000077ec00000, 0x00000007c0000000)
  eden space 253440K, 65% used [0x000000076cf00000,0x00000007771d8f20,0x000000077c680000)
  from space 18432K, 35% used [0x000000077d780000,0x000000077ddd8e10,0x000000077e980000)
  to   space 17408K, 0% used [0x000000077c680000,0x000000077c680000,0x000000077d780000)
 ParOldGen       total 189440K, used 27020K [0x00000006c6c00000, 0x00000006d2500000, 0x000000076cf00000)
  object space 189440K, 14% used [0x00000006c6c00000,0x00000006c8663290,0x00000006d2500000)
 Metaspace       used 37039K, capacity 39378K, committed 39600K, reserved 1083392K
  class space    used 4763K, capacity 5194K, committed 5296K, reserved 1048576K
GC Heap History (10 events):
Event: 1.770 GC heap before
{Heap before GC invocations=6 (full 1):
 PSYoungGen      total 113664K, used 105573K [0x000000076cf00000, 0x0000000774e80000, 0x00000007c0000000)
  eden space 103424K, 100% used [0x000000076cf00000,0x0000000773400000,0x0000000773400000)
  from space 10240K, 20% used [0x0000000773e00000,0x0000000774019448,0x0000000774800000)
  to   space 10240K, 0% used [0x0000000773400000,0x0000000773400000,0x0000000773e00000)
 ParOldGen       total 125440K, used 10055K [0x00000006c6c00000, 0x00000006ce680000, 0x000000076cf00000)
  object space 125440K, 8% used [0x00000006c6c00000,0x00000006c75d1f28,0x00000006ce680000)
 Metaspace       used 26704K, capacity 28422K, committed 28464K, reserved 1073152K
  class space    used 3799K, capacity 4122K, committed 4144K, reserved 1048576K
Event: 1.776 GC heap after
Heap after GC invocations=6 (full 1):
 PSYoungGen      total 113664K, used 4262K [0x000000076cf00000, 0x0000000778900000, 0x00000007c0000000)
  eden space 103424K, 0% used [0x000000076cf00000,0x000000076cf00000,0x0000000773400000)
  from space 10240K, 41% used [0x0000000773400000,0x0000000773829b10,0x0000000773e00000)
  to   space 9728K, 0% used [0x0000000777f80000,0x0000000777f80000,0x0000000778900000)
 ParOldGen       total 125440K, used 10063K [0x00000006c6c00000, 0x00000006ce680000, 0x000000076cf00000)
  object space 125440K, 8% used [0x00000006c6c00000,0x00000006c75d3f28,0x00000006ce680000)
 Metaspace       used 26704K, capacity 28422K, committed 28464K, reserved 1073152K
  class space    used 3799K, capacity 4122K, committed 4144K, reserved 1048576K
}
Event: 3.843 GC heap before
{Heap before GC invocations=7 (full 1):
 PSYoungGen      total 113664K, used 107686K [0x000000076cf00000, 0x0000000778900000, 0x00000007c0000000)
  eden space 103424K, 100% used [0x000000076cf00000,0x0000000773400000,0x0000000773400000)
  from space 10240K, 41% used [0x0000000773400000,0x0000000773829b10,0x0000000773e00000)
  to   space 9728K, 0% used [0x0000000777f80000,0x0000000777f80000,0x0000000778900000)
 ParOldGen       total 125440K, used 10063K [0x00000006c6c00000, 0x00000006ce680000, 0x000000076cf00000)
  object space 125440K, 8% used [0x00000006c6c00000,0x00000006c75d3f28,0x00000006ce680000)
 Metaspace       used 32438K, capacity 34508K, committed 34736K, reserved 1079296K
  class space    used 4414K, capacity 4783K, committed 4784K, reserved 1048576K
Event: 3.861 GC heap after
Heap after GC invocations=7 (full 1):
 PSYoungGen      total 174080K, used 9713K [0x000000076cf00000, 0x0000000779080000, 0x00000007c0000000)
  eden space 164352K, 0% used [0x000000076cf00000,0x000000076cf00000,0x0000000776f80000)
  from space 9728K, 99% used [0x0000000777f80000,0x00000007788fc7f8,0x0000000778900000)
  to   space 16384K, 0% used [0x0000000776f80000,0x0000000776f80000,0x0000000777f80000)
 ParOldGen       total 125440K, used 17359K [0x00000006c6c00000, 0x00000006ce680000, 0x000000076cf00000)
  object space 125440K, 13% used [0x00000006c6c00000,0x00000006c7cf3c30,0x00000006ce680000)
 Metaspace       used 32438K, capacity 34508K, committed 34736K, reserved 1079296K
  class space    used 4414K, capacity 4783K, committed 4784K, reserved 1048576K
}
Event: 6.735 GC heap before
{Heap before GC invocations=8 (full 1):
 PSYoungGen      total 174080K, used 85589K [0x000000076cf00000, 0x0000000779080000, 0x00000007c0000000)
  eden space 164352K, 46% used [0x000000076cf00000,0x0000000771918e68,0x0000000776f80000)
  from space 9728K, 99% used [0x0000000777f80000,0x00000007788fc7f8,0x0000000778900000)
  to   space 16384K, 0% used [0x0000000776f80000,0x0000000776f80000,0x0000000777f80000)
 ParOldGen       total 125440K, used 17359K [0x00000006c6c00000, 0x00000006ce680000, 0x000000076cf00000)
  object space 125440K, 13% used [0x00000006c6c00000,0x00000006c7cf3c30,0x00000006ce680000)
 Metaspace       used 33303K, capacity 35346K, committed 35496K, reserved 1079296K
  class space    used 4445K, capacity 4798K, committed 4912K, reserved 1048576K
Event: 6.750 GC heap after
Heap after GC invocations=8 (full 1):
 PSYoungGen      total 180736K, used 13517K [0x000000076cf00000, 0x000000077e980000, 0x00000007c0000000)
  eden space 164352K, 0% used [0x000000076cf00000,0x000000076cf00000,0x0000000776f80000)
  from space 16384K, 82% used [0x0000000776f80000,0x0000000777cb3530,0x0000000777f80000)
  to   space 18432K, 0% used [0x000000077d780000,0x000000077d780000,0x000000077e980000)
 ParOldGen       total 125440K, used 18239K [0x00000006c6c00000, 0x00000006ce680000, 0x000000076cf00000)
  object space 125440K, 14% used [0x00000006c6c00000,0x00000006c7dcfc30,0x00000006ce680000)
 Metaspace       used 33303K, capacity 35346K, committed 35496K, reserved 1079296K
  class space    used 4445K, capacity 4798K, committed 4912K, reserved 1048576K
}
Event: 6.750 GC heap before
{Heap before GC invocations=9 (full 2):
 PSYoungGen      total 180736K, used 13517K [0x000000076cf00000, 0x000000077e980000, 0x00000007c0000000)
  eden space 164352K, 0% used [0x000000076cf00000,0x000000076cf00000,0x0000000776f80000)
  from space 16384K, 82% used [0x0000000776f80000,0x0000000777cb3530,0x0000000777f80000)
  to   space 18432K, 0% used [0x000000077d780000,0x000000077d780000,0x000000077e980000)
 ParOldGen       total 125440K, used 18239K [0x00000006c6c00000, 0x00000006ce680000, 0x000000076cf00000)
  object space 125440K, 14% used [0x00000006c6c00000,0x00000006c7dcfc30,0x00000006ce680000)
 Metaspace       used 33303K, capacity 35346K, committed 35496K, reserved 1079296K
  class space    used 4445K, capacity 4798K, committed 4912K, reserved 1048576K
Event: 6.812 GC heap after
Heap after GC invocations=9 (full 2):
 PSYoungGen      total 180736K, used 0K [0x000000076cf00000, 0x000000077e980000, 0x00000007c0000000)
  eden space 164352K, 0% used [0x000000076cf00000,0x000000076cf00000,0x0000000776f80000)
  from space 16384K, 0% used [0x0000000776f80000,0x0000000776f80000,0x0000000777f80000)
  to   space 18432K, 0% used [0x000000077d780000,0x000000077d780000,0x000000077e980000)
 ParOldGen       total 189440K, used 27012K [0x00000006c6c00000, 0x00000006d2500000, 0x000000076cf00000)
  object space 189440K, 14% used [0x00000006c6c00000,0x00000006c8661290,0x00000006d2500000)
 Metaspace       used 33303K, capacity 35346K, committed 35496K, reserved 1079296K
  class space    used 4445K, capacity 4798K, committed 4912K, reserved 1048576K
}
Event: 35.396 GC heap before
{Heap before GC invocations=10 (full 2):
 PSYoungGen      total 180736K, used 164352K [0x000000076cf00000, 0x000000077e980000, 0x00000007c0000000)
  eden space 164352K, 100% used [0x000000076cf00000,0x0000000776f80000,0x0000000776f80000)
  from space 16384K, 0% used [0x0000000776f80000,0x0000000776f80000,0x0000000777f80000)
  to   space 18432K, 0% used [0x000000077d780000,0x000000077d780000,0x000000077e980000)
 ParOldGen       total 189440K, used 27012K [0x00000006c6c00000, 0x00000006d2500000, 0x000000076cf00000)
  object space 189440K, 14% used [0x00000006c6c00000,0x00000006c8661290,0x00000006d2500000)
 Metaspace       used 36234K, capacity 38496K, committed 38704K, reserved 1083392K
  class space    used 4714K, capacity 5137K, committed 5168K, reserved 1048576K
Event: 35.414 GC heap after
Heap after GC invocations=10 (full 2):
 PSYoungGen      total 271872K, used 6499K [0x000000076cf00000, 0x000000077ec00000, 0x00000007c0000000)
  eden space 253440K, 0% used [0x000000076cf00000,0x000000076cf00000,0x000000077c680000)
  from space 18432K, 35% used [0x000000077d780000,0x000000077ddd8e10,0x000000077e980000)
  to   space 17408K, 0% used [0x000000077c680000,0x000000077c680000,0x000000077d780000)
 ParOldGen       total 189440K, used 27020K [0x00000006c6c00000, 0x00000006d2500000, 0x000000076cf00000)
  object space 189440K, 14% used [0x00000006c6c00000,0x00000006c8663290,0x00000006d2500000)
 Metaspace       used 36234K, capacity 38496K, committed 38704K, reserved 1083392K
  class space    used 4714K, capacity 5137K, committed 5168K, reserved 1048576K
}

