# JRE version: Java(TM) SE Runtime Environment (8.0_111-b14) (build 1.8.0_111-b14)
# Java VM: Java HotSpot(TM) 64-Bit Server VM (25.111-b14 mixed mode linux-amd64 compressed oops)
Heap:
 PSYoungGen      total 178688K, used 152800K [0x000000076cf00000, 0x000000077ef00000, 0x00000007c0000000)
  eden space 162816K, 93% used [0x000000076cf00000,0x0000000776438108,0x0000000776e00000)
  from space 15872K, 0% used [0x0000000776e00000,0x0000000776e00000,0x0000000777d80000)
  to   space 19456K, 0% used [0x000000077dc00000,0x000000077dc00000,0x000000077ef00000)
 ParOldGen       total 184832K, used 28531K [0x00000006c6c00000, 0x00000006d2080000, 0x000000076cf00000)
  object space 184832K, 15% used [0x00000006c6c00000,0x00000006c87dcdc0,0x00000006d2080000)
 Metaspace       used 34507K, capacity 36688K, committed 36992K, reserved 1081344K
  class space    used 4476K, capacity 4887K, committed 4992K, reserved 1048576K
GC Heap History (10 events):
Event: 1.464 GC heap before
{Heap before GC invocations=5 (full 1):
 PSYoungGen      total 74752K, used 66361K [0x000000076cf00000, 0x0000000774480000, 0x00000007c0000000)
  eden space 64512K, 99% used [0x000000076cf00000,0x0000000770de8608,0x0000000770e00000)
  from space 10240K, 18% used [0x0000000770e00000,0x0000000770fe5f00,0x0000000771800000)
  to   space 10240K, 0% used [0x0000000773a80000,0x0000000773a80000,0x0000000774480000)
 ParOldGen       total 124928K, used 10066K [0x00000006c6c00000, 0x00000006ce600000, 0x000000076cf00000)
  object space 124928K, 8% used [0x00000006c6c00000,0x00000006c75d4ac0,0x00000006ce600000)
 Metaspace       used 24530K, capacity 25866K, committed 25984K, reserved 1071104K
  class space    used 3433K, capacity 3692K, committed 3712K, reserved 1048576K
Event: 1.469 GC heap after
Heap after GC invocations=5 (full 1):
 PSYoungGen      total 110080K, used 1990K [0x000000076cf00000, 0x0000000775000000, 0x00000007c0000000)
  eden space 99840K, 0% used [0x000000076cf00000,0x000000076cf00000,0x0000000773080000)
  from space 10240K, 19% used [0x0000000773a80000,0x0000000773c719b8,0x0000000774480000)
  to   space 10240K, 0% used [0x0000000773080000,0x0000000773080000,0x0000000773a80000)
 ParOldGen       total 124928K, used 10066K [0x00000006c6c00000, 0x00000006ce600000, 0x000000076cf00000)
  object space 124928K, 8% used [0x00000006c6c00000,0x00000006c75d4ac0,0x00000006ce600000)
 Metaspace       used 24530K, capacity 25866K, committed 25984K, reserved 1071104K
  class space    used 3433K, capacity 3692K, committed 3712K, reserved 1048576K
}
Event: 1.728 GC heap before
{Heap before GC invocations=6 (full 1):
 PSYoungGen      total 110080K, used 101830K [0x000000076cf00000, 0x0000000775000000, 0x00000007c0000000)
  eden space 99840K, 100% used [0x000000076cf00000,0x0000000773080000,0x0000000773080000)
  from space 10240K, 19% used [0x0000000773a80000,0x0000000773c719b8,0x0000000774480000)
  to   space 10240K, 0% used [0x0000000773080000,0x0000000773080000,0x0000000773a80000)
 ParOldGen       total 124928K, used 10066K [0x00000006c6c00000, 0x00000006ce600000, 0x000000076cf00000)
  object space 124928K, 8% used [0x00000006c6c00000,0x00000006c75d4ac0,0x00000006ce600000)
 Metaspace       used 26054K, capacity 27686K, committed 27904K, reserved 1073152K
  class space    used 3683K, capacity 3996K, committed 4096K, reserved 1048576K
Event: 1.737 GC heap after
Heap after GC invocations=6 (full 1):
 PSYoungGen      total 110080K, used 3832K [0x000000076cf00000, 0x0000000778700000, 0x00000007c0000000)
  eden space 99840K, 0% used [0x000000076cf00000,0x000000076cf00000,0x0000000773080000)
  from space 10240K, 37% used [0x0000000773080000,0x000000077343e1e8,0x0000000773a80000)
  to   space 9728K, 0% used [0x0000000777d80000,0x0000000777d80000,0x0000000778700000)
 ParOldGen       total 124928K, used 10074K [0x00000006c6c00000, 0x00000006ce600000, 0x000000076cf00000)
  object space 124928K, 8% used [0x00000006c6c00000,0x00000006c75d6ac0,0x00000006ce600000)
 Metaspace       used 26054K, capacity 27686K, committed 27904K, reserved 1073152K
  class space    used 3683K, capacity 3996K, committed 4096K, reserved 1048576K
}
Event: 3.375 GC heap before
{Heap before GC invocations=7 (full 1):
 PSYoungGen      total 110080K, used 103672K [0x000000076cf00000, 0x0000000778700000, 0x00000007c0000000)
  eden space 99840K, 100% used [0x000000076cf00000,0x0000000773080000,0x0000000773080000)
  from space 10240K, 37% used [0x0000000773080000,0x000000077343e1e8,0x0000000773a80000)
  to   space 9728K, 0% used [0x0000000777d80000,0x0000000777d80000,0x0000000778700000)
 ParOldGen       total 124928K, used 10074K [0x00000006c6c00000, 0x00000006ce600000, 0x000000076cf00000)
  object space 124928K, 8% used [0x00000006c6c00000,0x00000006c75d6ac0,0x00000006ce600000)
 Metaspace       used 32300K, capacity 34334K, committed 34560K, reserved 1079296K
  class space    used 4403K, capacity 4778K, committed 4864K, reserved 1048576K
Event: 3.394 GC heap after
Heap after GC invocations=7 (full 1):
 PSYoungGen      total 172544K, used 9720K [0x000000076cf00000, 0x0000000778d80000, 0x00000007c0000000)
  eden space 162816K, 0% used [0x000000076cf00000,0x000000076cf00000,0x0000000776e00000)
  from space 9728K, 99% used [0x0000000777d80000,0x00000007786fe1c0,0x0000000778700000)
  to   space 15872K, 0% used [0x0000000776e00000,0x0000000776e00000,0x0000000777d80000)
 ParOldGen       total 124928K, used 16835K [0x00000006c6c00000, 0x00000006ce600000, 0x000000076cf00000)
  object space 124928K, 13% used [0x00000006c6c00000,0x00000006c7c70ec0,0x00000006ce600000)
 Metaspace       used 32300K, capacity 34334K, committed 34560K, reserved 1079296K
  class space    used 4403K, capacity 4778K, committed 4864K, reserved 1048576K
}
Event: 7.561 GC heap before
{Heap before GC invocations=8 (full 1):
 PSYoungGen      total 172544K, used 114922K [0x000000076cf00000, 0x0000000778d80000, 0x00000007c0000000)
  eden space 162816K, 64% used [0x000000076cf00000,0x00000007735bc6b8,0x0000000776e00000)
  from space 9728K, 99% used [0x0000000777d80000,0x00000007786fe1c0,0x0000000778700000)
  to   space 15872K, 0% used [0x0000000776e00000,0x0000000776e00000,0x0000000777d80000)
 ParOldGen       total 124928K, used 16835K [0x00000006c6c00000, 0x00000006ce600000, 0x000000076cf00000)
  object space 124928K, 13% used [0x00000006c6c00000,0x00000006c7c70ec0,0x00000006ce600000)
 Metaspace       used 33378K, capacity 35426K, committed 35496K, reserved 1079296K
  class space    used 4448K, capacity 4802K, committed 4864K, reserved 1048576K
Event: 7.576 GC heap after
Heap after GC invocations=8 (full 1):
 PSYoungGen      total 178688K, used 15824K [0x000000076cf00000, 0x000000077ef00000, 0x00000007c0000000)
  eden space 162816K, 0% used [0x000000076cf00000,0x000000076cf00000,0x0000000776e00000)
  from space 15872K, 99% used [0x0000000776e00000,0x0000000777d74380,0x0000000777d80000)
  to   space 19456K, 0% used [0x000000077dc00000,0x000000077dc00000,0x000000077ef00000)
 ParOldGen       total 124928K, used 17461K [0x00000006c6c00000, 0x00000006ce600000, 0x000000076cf00000)
  object space 124928K, 13% used [0x00000006c6c00000,0x00000006c7d0d598,0x00000006ce600000)
 Metaspace       used 33378K, capacity 35426K, committed 35496K, reserved 1079296K
  class space    used 4448K, capacity 4802K, committed 4864K, reserved 1048576K
}
Event: 7.576 GC heap before
{Heap before GC invocations=9 (full 2):
 PSYoungGen      total 178688K, used 15824K [0x000000076cf00000, 0x000000077ef00000, 0x00000007c0000000)
  eden space 162816K, 0% used [0x000000076cf00000,0x000000076cf00000,0x0000000776e00000)
  from space 15872K, 99% used [0x0000000776e00000,0x0000000777d74380,0x0000000777d80000)
  to   space 19456K, 0% used [0x000000077dc00000,0x000000077dc00000,0x000000077ef00000)
 ParOldGen       total 124928K, used 17461K [0x00000006c6c00000, 0x00000006ce600000, 0x000000076cf00000)
  object space 124928K, 13% used [0x00000006c6c00000,0x00000006c7d0d598,0x00000006ce600000)
 Metaspace       used 33378K, capacity 35426K, committed 35496K, reserved 1079296K
  class space    used 4448K, capacity 4802K, committed 4864K, reserved 1048576K
Event: 7.640 GC heap after
Heap after GC invocations=9 (full 2):
 PSYoungGen      total 178688K, used 0K [0x000000076cf00000, 0x000000077ef00000, 0x00000007c0000000)
  eden space 162816K, 0% used [0x000000076cf00000,0x000000076cf00000,0x0000000776e00000)
  from space 15872K, 0% used [0x0000000776e00000,0x0000000776e00000,0x0000000777d80000)
  to   space 19456K, 0% used [0x000000077dc00000,0x000000077dc00000,0x000000077ef00000)
 ParOldGen       total 184832K, used 28531K [0x00000006c6c00000, 0x00000006d2080000, 0x000000076cf00000)
  object space 184832K, 15% used [0x00000006c6c00000,0x00000006c87dcdc0,0x00000006d2080000)
 Metaspace       used 33374K, capacity 35420K, committed 35496K, reserved 1079296K
  class space    used 4447K, capacity 4801K, committed 4864K, reserved 1048576K
}

